
> diy@1.0.0 build C:\Users\fisch\IA_DEMO\apps\diy
> next build

  ▲ Next.js 14.2.18

   Creating an optimized production build ...
 ✓ Compiled successfully
   Linting and checking validity of types ...
   Collecting page data ...
   Generating static pages (0/5) ...
   Generating static pages (1/5) 
   Generating static pages (2/5) 
   Generating static pages (3/5) 
 ✓ Generating static pages (5/5)
   Finalizing page optimization ...
   Collecting build traces ...

Route (app)                              Size     First Load JS
┌ ○ /                                    796 B          87.9 kB
├ ○ /_not-found                          138 B          87.2 kB
└ ○ /test-avatar                         655 B          87.7 kB
+ First Load JS shared by all            87.1 kB
  ├ chunks/120-4f8a3e3825290569.js       31.6 kB
  ├ chunks/16b899b3-4019a42299565745.js  53.6 kB
  └ other shared chunks (total)          1.86 kB


○  (Static)  prerendered as static content

